<?xml version="1.0" encoding="UTF-8"?>
<!-- Generated by org.testng.reporters.JUnitXMLReporter -->
<testsuite ignored="4" hostname="Gersons-Air" failures="0" tests="1" name="Default test" time="28.526" errors="0" timestamp="2023-01-25T12:23:13 EST">
  <testcase classname="tests.SignUpTest" name="signUpPageTests" time="15.968"/>
  <testcase classname="tests.SignUpTest" name="test2" time="0.0">
    <ignored/>
  </testcase> <!-- test2 -->
  <testcase classname="tests.SignUpTest" name="test3" time="0.0">
    <ignored/>
  </testcase> <!-- test3 -->
  <testcase classname="tests.SignUpTest" name="test4" time="0.0">
    <ignored/>
  </testcase> <!-- test4 -->
  <testcase classname="tests.SignUpTest" name="test5" time="0.0">
    <ignored/>
  </testcase> <!-- test5 -->
</testsuite> <!-- Default test -->
