<?xml version="1.0" encoding="UTF-8"?>
<!-- Generated by org.testng.reporters.JUnitXMLReporter -->
<testsuite ignored="4" hostname="Gersons-Air" failures="0" tests="1" name="Default test" time="31.806" errors="0" timestamp="2023-01-30T11:02:47 EST">
  <testcase classname="tests.SignUpTest" name="signUpPageTests" time="14.268"/>
  <testcase classname="tests.SignUpTest" name="test2" time="0.0">
    <ignored/>
  </testcase> <!-- test2 -->
  <testcase classname="tests.SignUpTest" name="test3" time="0.0">
    <ignored/>
  </testcase> <!-- test3 -->
  <testcase classname="tests.SignUpTest" name="test4" time="0.0">
    <ignored/>
  </testcase> <!-- test4 -->
  <testcase classname="tests.SignUpTest" name="test5" time="0.0">
    <ignored/>
  </testcase> <!-- test5 -->
</testsuite> <!-- Default test -->
