<?xml version="1.0" encoding="UTF-8"?>
<testng-results ignored="4" total="5" passed="1" failed="0" skipped="0">
  <reporter-output>
  </reporter-output>
  <suite started-at="2023-01-30T11:02:15 EST" name="Default suite" finished-at="2023-01-30T11:02:47 EST" duration-ms="31805">
    <groups>
      <group name="smoke-test">
        <method signature="SignUpTest.signUpPageTests()[pri:0, instance:tests.SignUpTest@27c86f2d]" name="signUpPageTests" class="tests.SignUpTest"/>
      </group> <!-- smoke-test -->
      <group name="signupPage">
        <method signature="SignUpTest.signUpPageTests()[pri:0, instance:tests.SignUpTest@27c86f2d]" name="signUpPageTests" class="tests.SignUpTest"/>
      </group> <!-- signupPage -->
    </groups>
    <test started-at="2023-01-30T11:02:15 EST" name="Default test" finished-at="2023-01-30T11:02:47 EST" duration-ms="31805">
      <class name="tests.SignUpTest">
        <test-method is-config="true" signature="setup()[pri:0, instance:tests.SignUpTest@27c86f2d]" started-at="2023-01-30T11:02:15 EST" name="setup" finished-at="2023-01-30T11:02:33 EST" duration-ms="17382" status="PASS">
          <reporter-output>
          </reporter-output>
        </test-method> <!-- setup -->
        <test-method signature="signUpPageTests()[pri:0, instance:tests.SignUpTest@27c86f2d]" started-at="2023-01-30T11:02:33 EST" name="signUpPageTests" description="verify sign up page components" finished-at="2023-01-30T11:02:47 EST" duration-ms="14263" status="PASS">
          <reporter-output>
          </reporter-output>
        </test-method> <!-- signUpPageTests -->
        <test-method is-config="true" signature="quitDriver()[pri:0, instance:tests.SignUpTest@27c86f2d]" started-at="2023-01-30T11:02:47 EST" name="quitDriver" finished-at="2023-01-30T11:02:47 EST" duration-ms="8" status="PASS">
          <reporter-output>
          </reporter-output>
        </test-method> <!-- quitDriver -->
      </class> <!-- tests.SignUpTest -->
    </test> <!-- Default test -->
  </suite> <!-- Default suite -->
</testng-results>
