<?xml version="1.0" encoding="UTF-8"?>
<testng-results ignored="0" total="5" passed="4" failed="1" skipped="0">
  <reporter-output>
  </reporter-output>
  <suite started-at="2023-01-29T13:23:48 EST" name="Ecomm-regression" finished-at="2023-01-29T13:24:10 EST" duration-ms="22384">
    <groups>
      <group name="smoke-test">
        <method signature="SignUpTest.signUpPageTests()[pri:0, instance:tests.SignUpTest@78dd667e]" name="signUpPageTests" class="tests.SignUpTest"/>
        <method signature="SignUpTest.test5()[pri:0, instance:tests.SignUpTest@78dd667e]" name="test5" class="tests.SignUpTest"/>
      </group> <!-- smoke-test -->
      <group name="signupPage">
        <method signature="SignUpTest.signUpPageTests()[pri:0, instance:tests.SignUpTest@78dd667e]" name="signUpPageTests" class="tests.SignUpTest"/>
      </group> <!-- signupPage -->
    </groups>
    <test started-at="2023-01-29T13:23:48 EST" name="loginRegression" finished-at="2023-01-29T13:24:10 EST" duration-ms="22384">
      <class name="tests.SignUpTest">
        <test-method is-config="true" signature="setup()[pri:0, instance:tests.SignUpTest@78dd667e]" started-at="2023-01-29T13:23:48 EST" name="setup" finished-at="2023-01-29T13:23:54 EST" duration-ms="6271" status="PASS">
          <reporter-output>
          </reporter-output>
        </test-method> <!-- setup -->
        <test-method is-config="true" signature="setup()[pri:0, instance:tests.SignUpTest@78dd667e]" started-at="2023-01-29T13:23:48 EST" name="setup" finished-at="2023-01-29T13:23:54 EST" duration-ms="6255" status="PASS">
          <reporter-output>
          </reporter-output>
        </test-method> <!-- setup -->
        <test-method signature="test2()[pri:0, instance:tests.SignUpTest@78dd667e]" started-at="2023-01-29T13:23:54 EST" name="test2" finished-at="2023-01-29T13:24:00 EST" duration-ms="6242" status="PASS">
          <reporter-output>
          </reporter-output>
        </test-method> <!-- test2 -->
        <test-method signature="signUpPageTests()[pri:0, instance:tests.SignUpTest@78dd667e]" started-at="2023-01-29T13:23:54 EST" name="signUpPageTests" description="verify sign up page components" finished-at="2023-01-29T13:24:02 EST" duration-ms="8296" status="FAIL">
          <exception class="org.openqa.selenium.StaleElementReferenceException">
            <message>
              <![CDATA[stale element reference: element is not attached to the page document
  (Session info: chrome=109.0.5414.119)
For documentation on this error, please visit: https://www.seleniumhq.org/exceptions/stale_element_reference.html
Build info: version: '3.141.59', revision: 'e82be7d358', time: '2018-11-14T08:17:03'
System info: host: 'Gersons-Air', ip: '2600:4040:40a4:8b00:3570:503c:a6f7:bc4c%en0', os.name: 'Mac OS X', os.arch: 'x86_64', os.version: '12.6.3', java.version: '17.0.3.1'
Driver info: org.openqa.selenium.chrome.ChromeDriver
Capabilities {acceptInsecureCerts: false, browserName: chrome, browserVersion: 109.0.5414.119, chrome: {chromedriverVersion: 109.0.5414.74 (e7c5703604da..., userDataDir: /var/folders/kd/sl8j3b7j5bj...}, goog:chromeOptions: {debuggerAddress: localhost:50813}, javascriptEnabled: true, networkConnectionEnabled: false, pageLoadStrategy: normal, platform: MAC, platformName: MAC, proxy: Proxy(), setWindowRect: true, strictFileInteractability: false, timeouts: {implicit: 0, pageLoad: 300000, script: 30000}, unhandledPromptBehavior: dismiss and notify, webauthn:extension:credBlob: true, webauthn:extension:largeBlob: true, webauthn:virtualAuthenticators: true}
Session ID: 21538ebfadf1b06bc67d05688b24ed30]]>
            </message>
            <full-stacktrace>
              <![CDATA[org.openqa.selenium.StaleElementReferenceException: stale element reference: element is not attached to the page document
  (Session info: chrome=109.0.5414.119)
For documentation on this error, please visit: https://www.seleniumhq.org/exceptions/stale_element_reference.html
Build info: version: '3.141.59', revision: 'e82be7d358', time: '2018-11-14T08:17:03'
System info: host: 'Gersons-Air', ip: '2600:4040:40a4:8b00:3570:503c:a6f7:bc4c%en0', os.name: 'Mac OS X', os.arch: 'x86_64', os.version: '12.6.3', java.version: '17.0.3.1'
Driver info: org.openqa.selenium.chrome.ChromeDriver
Capabilities {acceptInsecureCerts: false, browserName: chrome, browserVersion: 109.0.5414.119, chrome: {chromedriverVersion: 109.0.5414.74 (e7c5703604da..., userDataDir: /var/folders/kd/sl8j3b7j5bj...}, goog:chromeOptions: {debuggerAddress: localhost:50813}, javascriptEnabled: true, networkConnectionEnabled: false, pageLoadStrategy: normal, platform: MAC, platformName: MAC, proxy: Proxy(), setWindowRect: true, strictFileInteractability: false, timeouts: {implicit: 0, pageLoad: 300000, script: 30000}, unhandledPromptBehavior: dismiss and notify, webauthn:extension:credBlob: true, webauthn:extension:largeBlob: true, webauthn:virtualAuthenticators: true}
Session ID: 21538ebfadf1b06bc67d05688b24ed30
at java.base/jdk.internal.reflect.NativeConstructorAccessorImpl.newInstance0(Native Method)
at java.base/jdk.internal.reflect.NativeConstructorAccessorImpl.newInstance(NativeConstructorAccessorImpl.java:77)
at java.base/jdk.internal.reflect.DelegatingConstructorAccessorImpl.newInstance(DelegatingConstructorAccessorImpl.java:45)
at java.base/java.lang.reflect.Constructor.newInstanceWithCaller(Constructor.java:499)
at java.base/java.lang.reflect.Constructor.newInstance(Constructor.java:480)
at org.openqa.selenium.remote.http.W3CHttpResponseCodec.createException(W3CHttpResponseCodec.java:187)
at org.openqa.selenium.remote.http.W3CHttpResponseCodec.decode(W3CHttpResponseCodec.java:122)
at org.openqa.selenium.remote.http.W3CHttpResponseCodec.decode(W3CHttpResponseCodec.java:49)
at org.openqa.selenium.remote.HttpCommandExecutor.execute(HttpCommandExecutor.java:158)
at org.openqa.selenium.remote.service.DriverCommandExecutor.execute(DriverCommandExecutor.java:83)
at org.openqa.selenium.remote.RemoteWebDriver.execute(RemoteWebDriver.java:552)
at org.openqa.selenium.remote.RemoteWebElement.execute(RemoteWebElement.java:285)
at org.openqa.selenium.remote.RemoteWebElement.getAttribute(RemoteWebElement.java:134)
at java.base/jdk.internal.reflect.NativeMethodAccessorImpl.invoke0(Native Method)
at java.base/jdk.internal.reflect.NativeMethodAccessorImpl.invoke(NativeMethodAccessorImpl.java:77)
at java.base/jdk.internal.reflect.DelegatingMethodAccessorImpl.invoke(DelegatingMethodAccessorImpl.java:43)
at java.base/java.lang.reflect.Method.invoke(Method.java:568)
at org.openqa.selenium.support.pagefactory.internal.LocatingElementHandler.invoke(LocatingElementHandler.java:51)
at jdk.proxy2/jdk.proxy2.$Proxy12.getAttribute(Unknown Source)
at tests.SignUpTest.signUpPageTests(SignUpTest.java:72)
at java.base/jdk.internal.reflect.NativeMethodAccessorImpl.invoke0(Native Method)
at java.base/jdk.internal.reflect.NativeMethodAccessorImpl.invoke(NativeMethodAccessorImpl.java:77)
at java.base/jdk.internal.reflect.DelegatingMethodAccessorImpl.invoke(DelegatingMethodAccessorImpl.java:43)
at java.base/java.lang.reflect.Method.invoke(Method.java:568)
at org.testng.internal.MethodInvocationHelper.invokeMethod(MethodInvocationHelper.java:133)
at org.testng.internal.TestInvoker.invokeMethod(TestInvoker.java:598)
at org.testng.internal.TestInvoker.invokeTestMethod(TestInvoker.java:173)
at org.testng.internal.MethodRunner.runInSequence(MethodRunner.java:46)
at org.testng.internal.TestInvoker$MethodInvocationAgent.invoke(TestInvoker.java:824)
at org.testng.internal.TestInvoker.invokeTestMethods(TestInvoker.java:146)
at org.testng.internal.TestMethodWorker.invokeTestMethods(TestMethodWorker.java:146)
at org.testng.internal.TestMethodWorker.run(TestMethodWorker.java:128)
at java.base/java.util.concurrent.ThreadPoolExecutor.runWorker(ThreadPoolExecutor.java:1136)
at java.base/java.util.concurrent.ThreadPoolExecutor$Worker.run(ThreadPoolExecutor.java:635)
at java.base/java.lang.Thread.run(Thread.java:833)
]]>
            </full-stacktrace>
          </exception> <!-- org.openqa.selenium.StaleElementReferenceException -->
          <reporter-output>
          </reporter-output>
        </test-method> <!-- signUpPageTests -->
        <test-method is-config="true" signature="quitDriver()[pri:0, instance:tests.SignUpTest@78dd667e]" started-at="2023-01-29T13:24:00 EST" name="quitDriver" finished-at="2023-01-29T13:24:00 EST" duration-ms="1" status="PASS">
          <reporter-output>
          </reporter-output>
        </test-method> <!-- quitDriver -->
        <test-method is-config="true" signature="setup()[pri:0, instance:tests.SignUpTest@78dd667e]" started-at="2023-01-29T13:24:00 EST" name="setup" finished-at="2023-01-29T13:24:00 EST" duration-ms="116" status="PASS">
          <reporter-output>
          </reporter-output>
        </test-method> <!-- setup -->
        <test-method signature="test3()[pri:0, instance:tests.SignUpTest@78dd667e]" started-at="2023-01-29T13:24:00 EST" name="test3" finished-at="2023-01-29T13:24:04 EST" duration-ms="3819" status="PASS">
          <reporter-output>
          </reporter-output>
        </test-method> <!-- test3 -->
        <test-method is-config="true" signature="quitDriver()[pri:0, instance:tests.SignUpTest@78dd667e]" started-at="2023-01-29T13:24:02 EST" name="quitDriver" finished-at="2023-01-29T13:24:02 EST" duration-ms="1" status="PASS">
          <reporter-output>
          </reporter-output>
        </test-method> <!-- quitDriver -->
        <test-method is-config="true" signature="setup()[pri:0, instance:tests.SignUpTest@78dd667e]" started-at="2023-01-29T13:24:02 EST" name="setup" finished-at="2023-01-29T13:24:02 EST" duration-ms="7" status="PASS">
          <reporter-output>
          </reporter-output>
        </test-method> <!-- setup -->
        <test-method signature="test4()[pri:0, instance:tests.SignUpTest@78dd667e]" started-at="2023-01-29T13:24:02 EST" name="test4" finished-at="2023-01-29T13:24:09 EST" duration-ms="6789" status="PASS">
          <reporter-output>
          </reporter-output>
        </test-method> <!-- test4 -->
        <test-method is-config="true" signature="quitDriver()[pri:0, instance:tests.SignUpTest@78dd667e]" started-at="2023-01-29T13:24:04 EST" name="quitDriver" finished-at="2023-01-29T13:24:04 EST" duration-ms="5" status="PASS">
          <reporter-output>
          </reporter-output>
        </test-method> <!-- quitDriver -->
        <test-method is-config="true" signature="setup()[pri:0, instance:tests.SignUpTest@78dd667e]" started-at="2023-01-29T13:24:04 EST" name="setup" finished-at="2023-01-29T13:24:07 EST" duration-ms="2901" status="PASS">
          <reporter-output>
          </reporter-output>
        </test-method> <!-- setup -->
        <test-method signature="test5()[pri:0, instance:tests.SignUpTest@78dd667e]" started-at="2023-01-29T13:24:07 EST" name="test5" finished-at="2023-01-29T13:24:10 EST" duration-ms="2924" status="PASS">
          <reporter-output>
          </reporter-output>
        </test-method> <!-- test5 -->
        <test-method is-config="true" signature="quitDriver()[pri:0, instance:tests.SignUpTest@78dd667e]" started-at="2023-01-29T13:24:09 EST" name="quitDriver" finished-at="2023-01-29T13:24:09 EST" duration-ms="1" status="PASS">
          <reporter-output>
          </reporter-output>
        </test-method> <!-- quitDriver -->
        <test-method is-config="true" signature="quitDriver()[pri:0, instance:tests.SignUpTest@78dd667e]" started-at="2023-01-29T13:24:10 EST" name="quitDriver" finished-at="2023-01-29T13:24:10 EST" duration-ms="0" status="PASS">
          <reporter-output>
          </reporter-output>
        </test-method> <!-- quitDriver -->
      </class> <!-- tests.SignUpTest -->
    </test> <!-- loginRegression -->
  </suite> <!-- Ecomm-regression -->
</testng-results>
